Started GET "/" for ::1 at 2022-11-23 11:57:14 +0200
Processing by Rails::WelcomeController#index as HTML
  Rendering /Users/orbanbotond/.frum/versions/3.1.2/lib/ruby/gems/3.1.0/gems/railties-7.0.4/lib/rails/templates/rails/welcome/index.html.erb
  Rendered /Users/orbanbotond/.frum/versions/3.1.2/lib/ruby/gems/3.1.0/gems/railties-7.0.4/lib/rails/templates/rails/welcome/index.html.erb (Duration: 1.1ms | Allocations: 627)
Completed 200 OK in 7ms (Views: 3.7ms | Allocations: 3459)


Started GET "/" for ::1 at 2022-11-23 12:48:05 +0200
Processing by ShortUrlsController#index as HTML
  Rendering layout layouts/application.html.slim
  Rendering short_urls/index.html.slim within layouts/application
  Rendered short_urls/index.html.slim within layouts/application (Duration: 37.3ms | Allocations: 13704)
  Rendered layout layouts/application.html.slim (Duration: 127.1ms | Allocations: 69543)
Completed 200 OK in 130ms (Views: 128.6ms | Allocations: 71691)


Started POST "/short_urls" for ::1 at 2022-11-23 12:48:25 +0200
Processing by ShortUrlsController#create as HTML
  Parameters: {"authenticity_token"=>"[FILTERED]", "url"=>"https://www.linkedin.com/in/orbanbotond/", "commit"=>"Shorten"}
Completed 500 Internal Server Error in 118ms (Allocations: 13113)


  
Sequel::DatabaseConnectionError (PG::ConnectionBad: FATAL:  password authentication failed for user "postgres"
):
  
app/controllers/short_urls_controller.rb:12:in `new'
app/controllers/short_urls_controller.rb:12:in `shortener'
app/controllers/short_urls_controller.rb:6:in `create'
Started GET "/" for ::1 at 2022-11-23 12:48:47 +0200
Processing by ShortUrlsController#index as HTML
  Rendering layout layouts/application.html.slim
  Rendering short_urls/index.html.slim within layouts/application
  Rendered short_urls/index.html.slim within layouts/application (Duration: 28.4ms | Allocations: 13832)
  Rendered layout layouts/application.html.slim (Duration: 55.1ms | Allocations: 32915)
Completed 200 OK in 64ms (Views: 57.4ms | Allocations: 35062)


Started POST "/short_urls" for ::1 at 2022-11-23 12:48:50 +0200
Processing by ShortUrlsController#create as HTML
  Parameters: {"authenticity_token"=>"[FILTERED]", "url"=>"https://www.linkedin.com/in/orbanbotond/", "commit"=>"Shorten"}
  [1m[36mROM[postgres] (1.8ms)[0m  [1mSET standard_conforming_strings = ON[0m  
  [1m[35mROM[postgres] (2.1ms)[0m  SET client_min_messages = 'WARNING'  
  [1m[36mROM[postgres] (2.2ms)[0m  [1mSET DateStyle = 'ISO'[0m  
  [1m[35mROM[postgres] (4.0ms)[0m  SELECT CAST(current_setting('server_version_num') AS integer) AS v  
  [1m[36mROM[postgres] (9.0ms)[0m  [1mSELECT CAST("enumtypid" AS integer) AS "v", "enumlabel" FROM "pg_enum" ORDER BY "enumtypid", "enumsortorder"[0m  
  [1m[35mROM[postgres] (3.6ms)[0m  SELECT "typname", CAST("typarray" AS integer) AS "v" FROM "pg_type" WHERE ((1 = 0) AND ("typarray" != 0))  
  [1m[36mROM[postgres] (6.6ms)[0m  [1mSELECT "pg_attribute"."attname" AS "name", CAST("pg_attribute"."atttypid" AS integer) AS "oid", CAST("basetype"."oid" AS integer) AS "base_oid", format_type("basetype"."oid", "pg_type"."typtypmod") AS "db_base_type", format_type("pg_type"."oid", "pg_attribute"."atttypmod") AS "db_type", pg_get_expr("pg_attrdef"."adbin", "pg_class"."oid") AS "default", NOT "pg_attribute"."attnotnull" AS "allow_null", COALESCE(("pg_attribute"."attnum" = ANY("pg_index"."indkey")), false) AS "primary_key", "pg_attribute"."attidentity", ("pg_attribute"."attgenerated" != '') AS "generated" FROM "pg_class" INNER JOIN "pg_attribute" ON ("pg_attribute"."attrelid" = "pg_class"."oid") INNER JOIN "pg_type" ON ("pg_type"."oid" = "pg_attribute"."atttypid") LEFT OUTER JOIN "pg_type" AS "basetype" ON ("basetype"."oid" = "pg_type"."typbasetype") LEFT OUTER JOIN "pg_attrdef" ON (("pg_attrdef"."adrelid" = "pg_class"."oid") AND ("pg_attrdef"."adnum" = "pg_attribute"."attnum")) LEFT OUTER JOIN "pg_index" ON (("pg_index"."indrelid" = "pg_class"."oid") AND ("pg_index"."indisprimary" IS TRUE)) WHERE (("pg_attribute"."attisdropped" IS FALSE) AND ("pg_attribute"."attnum" > 0) AND ("pg_class"."oid" = CAST(CAST('"shortened_urls"' AS regclass) AS oid))) ORDER BY "pg_attribute"."attnum"[0m  
  [1m[35mROM[postgres] (5.5ms)[0m  SELECT "indc"."relname" AS "name", "ind"."indisunique" AS "unique", "att"."attname" AS "column", "con"."condeferrable" AS "deferrable" FROM "pg_class" AS "tab" INNER JOIN "pg_index" AS "ind" ON ("ind"."indrelid" = "tab"."oid") INNER JOIN "pg_class" AS "indc" ON ("indc"."oid" = "ind"."indexrelid") INNER JOIN "pg_attribute" AS "att" ON (("att"."attrelid" = "tab"."oid") AND ("att"."attnum" = ANY("ind"."indkey"))) LEFT JOIN "pg_constraint" AS "con" ON ("con"."conname" = "indc"."relname") WHERE (("indc"."relkind" = 'i') AND ("ind"."indisprimary" IS FALSE) AND ("indexprs" IS NULL) AND ("indisvalid" IS TRUE) AND ("indisready" IS TRUE) AND ("indislive" IS TRUE) AND ("tab"."oid" = CAST(CAST('"shortened_urls"' AS regclass) AS oid)) AND ("indpred" IS NULL)) ORDER BY "indc"."relname", array_position("ind"."indkey", "att"."attnum")  
  [1m[36mROM[postgres] (4.7ms)[0m  [1mSELECT "co"."conname" AS "name", "att"."attname" AS "column", "co"."confupdtype" AS "on_update", "co"."confdeltype" AS "on_delete", "cl2"."relname" AS "table", "att2"."attname" AS "refcolumn", ("co"."condeferrable" AND "co"."condeferred") AS "deferrable", "nsp"."nspname" AS "schema" FROM "pg_constraint" AS "co" INNER JOIN "pg_class" AS "cl" ON ("cl"."oid" = "co"."conrelid") INNER JOIN "pg_attribute" AS "att" ON (("att"."attrelid" = "cl"."oid") AND ("att"."attnum" = ANY("co"."conkey"))) INNER JOIN "pg_class" AS "cl2" ON ("cl2"."oid" = "co"."confrelid") INNER JOIN "pg_attribute" AS "att2" ON (("att2"."attrelid" = "cl2"."oid") AND ("att2"."attnum" = ANY("co"."confkey"))) INNER JOIN "pg_namespace" AS "nsp" ON ("nsp"."oid" = "cl2"."relnamespace") WHERE (("cl"."relkind" IN ('r', 'p')) AND ("co"."contype" = 'f') AND (array_position("co"."conkey", "att"."attnum") = array_position("co"."confkey", "att2"."attnum")) AND ("cl"."oid" = CAST(CAST('"shortened_urls"' AS regclass) AS oid))) ORDER BY "co"."conname", array_position("co"."conkey", "att"."attnum")[0m  
  [1m[35mROM[postgres] (2.4ms)[0m  SELECT NULL AS "nil" FROM "shortened_urls" LIMIT 1  
  [1m[36mROM[postgres] (2.0ms)[0m  [1mSELECT "shortened_urls"."shortened_url", "shortened_urls"."url", "shortened_urls"."created_at" FROM "shortened_urls" ORDER BY "shortened_urls"."created_at" DESC LIMIT 1[0m  
  [1m[35mROM[postgres] (0.8ms)[0m  SET standard_conforming_strings = ON  
  [1m[36mROM[postgres] (0.9ms)[0m  [1mSET client_min_messages = 'WARNING'[0m  
  [1m[35mROM[postgres] (0.9ms)[0m  SET DateStyle = 'ISO'  
  [1m[36mROM[postgres] (1.5ms)[0m  [1mSELECT CAST(current_setting('server_version_num') AS integer) AS v[0m  
  [1m[35mROM[postgres] (2.0ms)[0m  SELECT CAST("enumtypid" AS integer) AS "v", "enumlabel" FROM "pg_enum" ORDER BY "enumtypid", "enumsortorder"  
  [1m[36mROM[postgres] (1.8ms)[0m  [1mSELECT "typname", CAST("typarray" AS integer) AS "v" FROM "pg_type" WHERE ((1 = 0) AND ("typarray" != 0))[0m  
  [1m[35mROM[postgres] (3.2ms)[0m  SELECT "pg_attribute"."attname" AS "name", CAST("pg_attribute"."atttypid" AS integer) AS "oid", CAST("basetype"."oid" AS integer) AS "base_oid", format_type("basetype"."oid", "pg_type"."typtypmod") AS "db_base_type", format_type("pg_type"."oid", "pg_attribute"."atttypmod") AS "db_type", pg_get_expr("pg_attrdef"."adbin", "pg_class"."oid") AS "default", NOT "pg_attribute"."attnotnull" AS "allow_null", COALESCE(("pg_attribute"."attnum" = ANY("pg_index"."indkey")), false) AS "primary_key", "pg_attribute"."attidentity", ("pg_attribute"."attgenerated" != '') AS "generated" FROM "pg_class" INNER JOIN "pg_attribute" ON ("pg_attribute"."attrelid" = "pg_class"."oid") INNER JOIN "pg_type" ON ("pg_type"."oid" = "pg_attribute"."atttypid") LEFT OUTER JOIN "pg_type" AS "basetype" ON ("basetype"."oid" = "pg_type"."typbasetype") LEFT OUTER JOIN "pg_attrdef" ON (("pg_attrdef"."adrelid" = "pg_class"."oid") AND ("pg_attrdef"."adnum" = "pg_attribute"."attnum")) LEFT OUTER JOIN "pg_index" ON (("pg_index"."indrelid" = "pg_class"."oid") AND ("pg_index"."indisprimary" IS TRUE)) WHERE (("pg_attribute"."attisdropped" IS FALSE) AND ("pg_attribute"."attnum" > 0) AND ("pg_class"."oid" = CAST(CAST('"shortened_urls"' AS regclass) AS oid))) ORDER BY "pg_attribute"."attnum"  
  [1m[36mROM[postgres] (2.6ms)[0m  [1mSELECT "indc"."relname" AS "name", "ind"."indisunique" AS "unique", "att"."attname" AS "column", "con"."condeferrable" AS "deferrable" FROM "pg_class" AS "tab" INNER JOIN "pg_index" AS "ind" ON ("ind"."indrelid" = "tab"."oid") INNER JOIN "pg_class" AS "indc" ON ("indc"."oid" = "ind"."indexrelid") INNER JOIN "pg_attribute" AS "att" ON (("att"."attrelid" = "tab"."oid") AND ("att"."attnum" = ANY("ind"."indkey"))) LEFT JOIN "pg_constraint" AS "con" ON ("con"."conname" = "indc"."relname") WHERE (("indc"."relkind" = 'i') AND ("ind"."indisprimary" IS FALSE) AND ("indexprs" IS NULL) AND ("indisvalid" IS TRUE) AND ("indisready" IS TRUE) AND ("indislive" IS TRUE) AND ("tab"."oid" = CAST(CAST('"shortened_urls"' AS regclass) AS oid)) AND ("indpred" IS NULL)) ORDER BY "indc"."relname", array_position("ind"."indkey", "att"."attnum")[0m  
  [1m[35mROM[postgres] (1.9ms)[0m  SELECT "co"."conname" AS "name", "att"."attname" AS "column", "co"."confupdtype" AS "on_update", "co"."confdeltype" AS "on_delete", "cl2"."relname" AS "table", "att2"."attname" AS "refcolumn", ("co"."condeferrable" AND "co"."condeferred") AS "deferrable", "nsp"."nspname" AS "schema" FROM "pg_constraint" AS "co" INNER JOIN "pg_class" AS "cl" ON ("cl"."oid" = "co"."conrelid") INNER JOIN "pg_attribute" AS "att" ON (("att"."attrelid" = "cl"."oid") AND ("att"."attnum" = ANY("co"."conkey"))) INNER JOIN "pg_class" AS "cl2" ON ("cl2"."oid" = "co"."confrelid") INNER JOIN "pg_attribute" AS "att2" ON (("att2"."attrelid" = "cl2"."oid") AND ("att2"."attnum" = ANY("co"."confkey"))) INNER JOIN "pg_namespace" AS "nsp" ON ("nsp"."oid" = "cl2"."relnamespace") WHERE (("cl"."relkind" IN ('r', 'p')) AND ("co"."contype" = 'f') AND (array_position("co"."conkey", "att"."attnum") = array_position("co"."confkey", "att2"."attnum")) AND ("cl"."oid" = CAST(CAST('"shortened_urls"' AS regclass) AS oid))) ORDER BY "co"."conname", array_position("co"."conkey", "att"."attnum")  
  [1m[36mROM[postgres] (1.1ms)[0m  [1mSELECT NULL AS "nil" FROM "shortened_urls" LIMIT 1[0m  
  [1m[35mROM[postgres] (26.2ms)[0m  SELECT "shortened_urls"."shortened_url", "shortened_urls"."url", "shortened_urls"."created_at" FROM "shortened_urls" WHERE ("url" = 'https://www.linkedin.com/in/orbanbotond/') ORDER BY "shortened_urls"."shortened_url"  
  [1m[36mROM[postgres] (1.4ms)[0m  [1mSET standard_conforming_strings = ON[0m  
  [1m[35mROM[postgres] (1.4ms)[0m  SET client_min_messages = 'WARNING'  
  [1m[36mROM[postgres] (1.0ms)[0m  [1mSET DateStyle = 'ISO'[0m  
  [1m[35mROM[postgres] (1.4ms)[0m  SELECT CAST(current_setting('server_version_num') AS integer) AS v  
  [1m[36mROM[postgres] (1.6ms)[0m  [1mSELECT CAST("enumtypid" AS integer) AS "v", "enumlabel" FROM "pg_enum" ORDER BY "enumtypid", "enumsortorder"[0m  
  [1m[35mROM[postgres] (1.5ms)[0m  SELECT "typname", CAST("typarray" AS integer) AS "v" FROM "pg_type" WHERE ((1 = 0) AND ("typarray" != 0))  
  [1m[36mROM[postgres] (3.0ms)[0m  [1mSELECT "pg_attribute"."attname" AS "name", CAST("pg_attribute"."atttypid" AS integer) AS "oid", CAST("basetype"."oid" AS integer) AS "base_oid", format_type("basetype"."oid", "pg_type"."typtypmod") AS "db_base_type", format_type("pg_type"."oid", "pg_attribute"."atttypmod") AS "db_type", pg_get_expr("pg_attrdef"."adbin", "pg_class"."oid") AS "default", NOT "pg_attribute"."attnotnull" AS "allow_null", COALESCE(("pg_attribute"."attnum" = ANY("pg_index"."indkey")), false) AS "primary_key", "pg_attribute"."attidentity", ("pg_attribute"."attgenerated" != '') AS "generated" FROM "pg_class" INNER JOIN "pg_attribute" ON ("pg_attribute"."attrelid" = "pg_class"."oid") INNER JOIN "pg_type" ON ("pg_type"."oid" = "pg_attribute"."atttypid") LEFT OUTER JOIN "pg_type" AS "basetype" ON ("basetype"."oid" = "pg_type"."typbasetype") LEFT OUTER JOIN "pg_attrdef" ON (("pg_attrdef"."adrelid" = "pg_class"."oid") AND ("pg_attrdef"."adnum" = "pg_attribute"."attnum")) LEFT OUTER JOIN "pg_index" ON (("pg_index"."indrelid" = "pg_class"."oid") AND ("pg_index"."indisprimary" IS TRUE)) WHERE (("pg_attribute"."attisdropped" IS FALSE) AND ("pg_attribute"."attnum" > 0) AND ("pg_class"."oid" = CAST(CAST('"shortened_urls"' AS regclass) AS oid))) ORDER BY "pg_attribute"."attnum"[0m  
  [1m[35mROM[postgres] (2.3ms)[0m  SELECT "indc"."relname" AS "name", "ind"."indisunique" AS "unique", "att"."attname" AS "column", "con"."condeferrable" AS "deferrable" FROM "pg_class" AS "tab" INNER JOIN "pg_index" AS "ind" ON ("ind"."indrelid" = "tab"."oid") INNER JOIN "pg_class" AS "indc" ON ("indc"."oid" = "ind"."indexrelid") INNER JOIN "pg_attribute" AS "att" ON (("att"."attrelid" = "tab"."oid") AND ("att"."attnum" = ANY("ind"."indkey"))) LEFT JOIN "pg_constraint" AS "con" ON ("con"."conname" = "indc"."relname") WHERE (("indc"."relkind" = 'i') AND ("ind"."indisprimary" IS FALSE) AND ("indexprs" IS NULL) AND ("indisvalid" IS TRUE) AND ("indisready" IS TRUE) AND ("indislive" IS TRUE) AND ("tab"."oid" = CAST(CAST('"shortened_urls"' AS regclass) AS oid)) AND ("indpred" IS NULL)) ORDER BY "indc"."relname", array_position("ind"."indkey", "att"."attnum")  
  [1m[36mROM[postgres] (2.4ms)[0m  [1mSELECT "co"."conname" AS "name", "att"."attname" AS "column", "co"."confupdtype" AS "on_update", "co"."confdeltype" AS "on_delete", "cl2"."relname" AS "table", "att2"."attname" AS "refcolumn", ("co"."condeferrable" AND "co"."condeferred") AS "deferrable", "nsp"."nspname" AS "schema" FROM "pg_constraint" AS "co" INNER JOIN "pg_class" AS "cl" ON ("cl"."oid" = "co"."conrelid") INNER JOIN "pg_attribute" AS "att" ON (("att"."attrelid" = "cl"."oid") AND ("att"."attnum" = ANY("co"."conkey"))) INNER JOIN "pg_class" AS "cl2" ON ("cl2"."oid" = "co"."confrelid") INNER JOIN "pg_attribute" AS "att2" ON (("att2"."attrelid" = "cl2"."oid") AND ("att2"."attnum" = ANY("co"."confkey"))) INNER JOIN "pg_namespace" AS "nsp" ON ("nsp"."oid" = "cl2"."relnamespace") WHERE (("cl"."relkind" IN ('r', 'p')) AND ("co"."contype" = 'f') AND (array_position("co"."conkey", "att"."attnum") = array_position("co"."confkey", "att2"."attnum")) AND ("cl"."oid" = CAST(CAST('"shortened_urls"' AS regclass) AS oid))) ORDER BY "co"."conname", array_position("co"."conkey", "att"."attnum")[0m  
  [1m[35mROM[postgres] (1.4ms)[0m  SELECT NULL AS "nil" FROM "shortened_urls" LIMIT 1  
  [1m[36mROM[postgres] (1.0ms)[0m  [1mBEGIN[0m  
  [1m[35mROM[postgres] (1.3ms)[0m  SELECT "shortened_urls"."shortened_url", "shortened_urls"."url", "shortened_urls"."created_at" FROM "shortened_urls" ORDER BY "shortened_urls"."created_at" DESC LIMIT 1 FOR UPDATE  
  [1m[36mROM[postgres] (1.3ms)[0m  [1mSET standard_conforming_strings = ON[0m  
  [1m[35mROM[postgres] (0.8ms)[0m  SET client_min_messages = 'WARNING'  
  [1m[36mROM[postgres] (0.7ms)[0m  [1mSET DateStyle = 'ISO'[0m  
  [1m[35mROM[postgres] (1.0ms)[0m  SELECT CAST(current_setting('server_version_num') AS integer) AS v  
  [1m[36mROM[postgres] (1.2ms)[0m  [1mSELECT CAST("enumtypid" AS integer) AS "v", "enumlabel" FROM "pg_enum" ORDER BY "enumtypid", "enumsortorder"[0m  
  [1m[35mROM[postgres] (0.8ms)[0m  SELECT "typname", CAST("typarray" AS integer) AS "v" FROM "pg_type" WHERE ((1 = 0) AND ("typarray" != 0))  
  [1m[36mROM[postgres] (2.1ms)[0m  [1mSELECT "pg_attribute"."attname" AS "name", CAST("pg_attribute"."atttypid" AS integer) AS "oid", CAST("basetype"."oid" AS integer) AS "base_oid", format_type("basetype"."oid", "pg_type"."typtypmod") AS "db_base_type", format_type("pg_type"."oid", "pg_attribute"."atttypmod") AS "db_type", pg_get_expr("pg_attrdef"."adbin", "pg_class"."oid") AS "default", NOT "pg_attribute"."attnotnull" AS "allow_null", COALESCE(("pg_attribute"."attnum" = ANY("pg_index"."indkey")), false) AS "primary_key", "pg_attribute"."attidentity", ("pg_attribute"."attgenerated" != '') AS "generated" FROM "pg_class" INNER JOIN "pg_attribute" ON ("pg_attribute"."attrelid" = "pg_class"."oid") INNER JOIN "pg_type" ON ("pg_type"."oid" = "pg_attribute"."atttypid") LEFT OUTER JOIN "pg_type" AS "basetype" ON ("basetype"."oid" = "pg_type"."typbasetype") LEFT OUTER JOIN "pg_attrdef" ON (("pg_attrdef"."adrelid" = "pg_class"."oid") AND ("pg_attrdef"."adnum" = "pg_attribute"."attnum")) LEFT OUTER JOIN "pg_index" ON (("pg_index"."indrelid" = "pg_class"."oid") AND ("pg_index"."indisprimary" IS TRUE)) WHERE (("pg_attribute"."attisdropped" IS FALSE) AND ("pg_attribute"."attnum" > 0) AND ("pg_class"."oid" = CAST(CAST('"shortened_urls"' AS regclass) AS oid))) ORDER BY "pg_attribute"."attnum"[0m  
  [1m[35mROM[postgres] (1.5ms)[0m  SELECT "indc"."relname" AS "name", "ind"."indisunique" AS "unique", "att"."attname" AS "column", "con"."condeferrable" AS "deferrable" FROM "pg_class" AS "tab" INNER JOIN "pg_index" AS "ind" ON ("ind"."indrelid" = "tab"."oid") INNER JOIN "pg_class" AS "indc" ON ("indc"."oid" = "ind"."indexrelid") INNER JOIN "pg_attribute" AS "att" ON (("att"."attrelid" = "tab"."oid") AND ("att"."attnum" = ANY("ind"."indkey"))) LEFT JOIN "pg_constraint" AS "con" ON ("con"."conname" = "indc"."relname") WHERE (("indc"."relkind" = 'i') AND ("ind"."indisprimary" IS FALSE) AND ("indexprs" IS NULL) AND ("indisvalid" IS TRUE) AND ("indisready" IS TRUE) AND ("indislive" IS TRUE) AND ("tab"."oid" = CAST(CAST('"shortened_urls"' AS regclass) AS oid)) AND ("indpred" IS NULL)) ORDER BY "indc"."relname", array_position("ind"."indkey", "att"."attnum")  
  [1m[36mROM[postgres] (4.6ms)[0m  [1mSELECT "co"."conname" AS "name", "att"."attname" AS "column", "co"."confupdtype" AS "on_update", "co"."confdeltype" AS "on_delete", "cl2"."relname" AS "table", "att2"."attname" AS "refcolumn", ("co"."condeferrable" AND "co"."condeferred") AS "deferrable", "nsp"."nspname" AS "schema" FROM "pg_constraint" AS "co" INNER JOIN "pg_class" AS "cl" ON ("cl"."oid" = "co"."conrelid") INNER JOIN "pg_attribute" AS "att" ON (("att"."attrelid" = "cl"."oid") AND ("att"."attnum" = ANY("co"."conkey"))) INNER JOIN "pg_class" AS "cl2" ON ("cl2"."oid" = "co"."confrelid") INNER JOIN "pg_attribute" AS "att2" ON (("att2"."attrelid" = "cl2"."oid") AND ("att2"."attnum" = ANY("co"."confkey"))) INNER JOIN "pg_namespace" AS "nsp" ON ("nsp"."oid" = "cl2"."relnamespace") WHERE (("cl"."relkind" IN ('r', 'p')) AND ("co"."contype" = 'f') AND (array_position("co"."conkey", "att"."attnum") = array_position("co"."confkey", "att2"."attnum")) AND ("cl"."oid" = CAST(CAST('"shortened_urls"' AS regclass) AS oid))) ORDER BY "co"."conname", array_position("co"."conkey", "att"."attnum")[0m  
  [1m[35mROM[postgres] (1.4ms)[0m  SELECT NULL AS "nil" FROM "shortened_urls" LIMIT 1  
  [1m[36mROM[postgres] (1.6ms)[0m  [1mSELECT "shortened_urls"."shortened_url", "shortened_urls"."url", "shortened_urls"."created_at" FROM "shortened_urls" ORDER BY "shortened_urls"."created_at" DESC LIMIT 1[0m  
  [1m[35mROM[postgres] (0.9ms)[0m  SET standard_conforming_strings = ON  
  [1m[36mROM[postgres] (0.7ms)[0m  [1mSET client_min_messages = 'WARNING'[0m  
  [1m[35mROM[postgres] (0.8ms)[0m  SET DateStyle = 'ISO'  
  [1m[36mROM[postgres] (1.4ms)[0m  [1mSELECT CAST(current_setting('server_version_num') AS integer) AS v[0m  
  [1m[35mROM[postgres] (1.7ms)[0m  SELECT CAST("enumtypid" AS integer) AS "v", "enumlabel" FROM "pg_enum" ORDER BY "enumtypid", "enumsortorder"  
  [1m[36mROM[postgres] (1.1ms)[0m  [1mSELECT "typname", CAST("typarray" AS integer) AS "v" FROM "pg_type" WHERE ((1 = 0) AND ("typarray" != 0))[0m  
  [1m[35mROM[postgres] (3.5ms)[0m  SELECT "pg_attribute"."attname" AS "name", CAST("pg_attribute"."atttypid" AS integer) AS "oid", CAST("basetype"."oid" AS integer) AS "base_oid", format_type("basetype"."oid", "pg_type"."typtypmod") AS "db_base_type", format_type("pg_type"."oid", "pg_attribute"."atttypmod") AS "db_type", pg_get_expr("pg_attrdef"."adbin", "pg_class"."oid") AS "default", NOT "pg_attribute"."attnotnull" AS "allow_null", COALESCE(("pg_attribute"."attnum" = ANY("pg_index"."indkey")), false) AS "primary_key", "pg_attribute"."attidentity", ("pg_attribute"."attgenerated" != '') AS "generated" FROM "pg_class" INNER JOIN "pg_attribute" ON ("pg_attribute"."attrelid" = "pg_class"."oid") INNER JOIN "pg_type" ON ("pg_type"."oid" = "pg_attribute"."atttypid") LEFT OUTER JOIN "pg_type" AS "basetype" ON ("basetype"."oid" = "pg_type"."typbasetype") LEFT OUTER JOIN "pg_attrdef" ON (("pg_attrdef"."adrelid" = "pg_class"."oid") AND ("pg_attrdef"."adnum" = "pg_attribute"."attnum")) LEFT OUTER JOIN "pg_index" ON (("pg_index"."indrelid" = "pg_class"."oid") AND ("pg_index"."indisprimary" IS TRUE)) WHERE (("pg_attribute"."attisdropped" IS FALSE) AND ("pg_attribute"."attnum" > 0) AND ("pg_class"."oid" = CAST(CAST('"shortened_urls"' AS regclass) AS oid))) ORDER BY "pg_attribute"."attnum"  
  [1m[36mROM[postgres] (2.9ms)[0m  [1mSELECT "indc"."relname" AS "name", "ind"."indisunique" AS "unique", "att"."attname" AS "column", "con"."condeferrable" AS "deferrable" FROM "pg_class" AS "tab" INNER JOIN "pg_index" AS "ind" ON ("ind"."indrelid" = "tab"."oid") INNER JOIN "pg_class" AS "indc" ON ("indc"."oid" = "ind"."indexrelid") INNER JOIN "pg_attribute" AS "att" ON (("att"."attrelid" = "tab"."oid") AND ("att"."attnum" = ANY("ind"."indkey"))) LEFT JOIN "pg_constraint" AS "con" ON ("con"."conname" = "indc"."relname") WHERE (("indc"."relkind" = 'i') AND ("ind"."indisprimary" IS FALSE) AND ("indexprs" IS NULL) AND ("indisvalid" IS TRUE) AND ("indisready" IS TRUE) AND ("indislive" IS TRUE) AND ("tab"."oid" = CAST(CAST('"shortened_urls"' AS regclass) AS oid)) AND ("indpred" IS NULL)) ORDER BY "indc"."relname", array_position("ind"."indkey", "att"."attnum")[0m  
  [1m[35mROM[postgres] (2.2ms)[0m  SELECT "co"."conname" AS "name", "att"."attname" AS "column", "co"."confupdtype" AS "on_update", "co"."confdeltype" AS "on_delete", "cl2"."relname" AS "table", "att2"."attname" AS "refcolumn", ("co"."condeferrable" AND "co"."condeferred") AS "deferrable", "nsp"."nspname" AS "schema" FROM "pg_constraint" AS "co" INNER JOIN "pg_class" AS "cl" ON ("cl"."oid" = "co"."conrelid") INNER JOIN "pg_attribute" AS "att" ON (("att"."attrelid" = "cl"."oid") AND ("att"."attnum" = ANY("co"."conkey"))) INNER JOIN "pg_class" AS "cl2" ON ("cl2"."oid" = "co"."confrelid") INNER JOIN "pg_attribute" AS "att2" ON (("att2"."attrelid" = "cl2"."oid") AND ("att2"."attnum" = ANY("co"."confkey"))) INNER JOIN "pg_namespace" AS "nsp" ON ("nsp"."oid" = "cl2"."relnamespace") WHERE (("cl"."relkind" IN ('r', 'p')) AND ("co"."contype" = 'f') AND (array_position("co"."conkey", "att"."attnum") = array_position("co"."confkey", "att2"."attnum")) AND ("cl"."oid" = CAST(CAST('"shortened_urls"' AS regclass) AS oid))) ORDER BY "co"."conname", array_position("co"."conkey", "att"."attnum")  
  [1m[36mROM[postgres] (1.5ms)[0m  [1mSELECT NULL AS "nil" FROM "shortened_urls" LIMIT 1[0m  
  [1m[35mROM[postgres] (3.3ms)[0m  INSERT INTO "shortened_urls" ("url", "shortened_url", "created_at") VALUES ('https://www.linkedin.com/in/orbanbotond/', 'b', '2022-11-23 12:48:50.907738+0200') RETURNING "shortened_urls"."shortened_url", "shortened_urls"."url", "shortened_urls"."created_at"  
  [1m[36mROM[postgres] (1.2ms)[0m  [1mCOMMIT[0m  
  Rendering layout layouts/application.html.slim
  Rendering short_urls/create.html.slim within layouts/application
  Rendered short_urls/create.html.slim within layouts/application (Duration: 4.2ms | Allocations: 1981)
  Rendered layout layouts/application.html.slim (Duration: 6.4ms | Allocations: 3071)
Completed 200 OK in 386ms (Views: 7.0ms | Allocations: 76197)


Started POST "/short_urls" for ::1 at 2022-11-23 12:49:15 +0200
Processing by ShortUrlsController#create as HTML
  Parameters: {"authenticity_token"=>"[FILTERED]", "url"=>"https://www.linkedin.com/in/orbanbotond/", "commit"=>"Shorten"}
  [1m[35mROM[postgres] (2.5ms)[0m  SET standard_conforming_strings = ON  
  [1m[36mROM[postgres] (1.4ms)[0m  [1mSET client_min_messages = 'WARNING'[0m  
  [1m[35mROM[postgres] (1.5ms)[0m  SET DateStyle = 'ISO'  
  [1m[36mROM[postgres] (2.3ms)[0m  [1mSELECT CAST(current_setting('server_version_num') AS integer) AS v[0m  
  [1m[35mROM[postgres] (2.7ms)[0m  SELECT CAST("enumtypid" AS integer) AS "v", "enumlabel" FROM "pg_enum" ORDER BY "enumtypid", "enumsortorder"  
  [1m[36mROM[postgres] (2.3ms)[0m  [1mSELECT "typname", CAST("typarray" AS integer) AS "v" FROM "pg_type" WHERE ((1 = 0) AND ("typarray" != 0))[0m  
  [1m[35mROM[postgres] (6.6ms)[0m  SELECT "pg_attribute"."attname" AS "name", CAST("pg_attribute"."atttypid" AS integer) AS "oid", CAST("basetype"."oid" AS integer) AS "base_oid", format_type("basetype"."oid", "pg_type"."typtypmod") AS "db_base_type", format_type("pg_type"."oid", "pg_attribute"."atttypmod") AS "db_type", pg_get_expr("pg_attrdef"."adbin", "pg_class"."oid") AS "default", NOT "pg_attribute"."attnotnull" AS "allow_null", COALESCE(("pg_attribute"."attnum" = ANY("pg_index"."indkey")), false) AS "primary_key", "pg_attribute"."attidentity", ("pg_attribute"."attgenerated" != '') AS "generated" FROM "pg_class" INNER JOIN "pg_attribute" ON ("pg_attribute"."attrelid" = "pg_class"."oid") INNER JOIN "pg_type" ON ("pg_type"."oid" = "pg_attribute"."atttypid") LEFT OUTER JOIN "pg_type" AS "basetype" ON ("basetype"."oid" = "pg_type"."typbasetype") LEFT OUTER JOIN "pg_attrdef" ON (("pg_attrdef"."adrelid" = "pg_class"."oid") AND ("pg_attrdef"."adnum" = "pg_attribute"."attnum")) LEFT OUTER JOIN "pg_index" ON (("pg_index"."indrelid" = "pg_class"."oid") AND ("pg_index"."indisprimary" IS TRUE)) WHERE (("pg_attribute"."attisdropped" IS FALSE) AND ("pg_attribute"."attnum" > 0) AND ("pg_class"."oid" = CAST(CAST('"shortened_urls"' AS regclass) AS oid))) ORDER BY "pg_attribute"."attnum"  
  [1m[36mROM[postgres] (4.7ms)[0m  [1mSELECT "indc"."relname" AS "name", "ind"."indisunique" AS "unique", "att"."attname" AS "column", "con"."condeferrable" AS "deferrable" FROM "pg_class" AS "tab" INNER JOIN "pg_index" AS "ind" ON ("ind"."indrelid" = "tab"."oid") INNER JOIN "pg_class" AS "indc" ON ("indc"."oid" = "ind"."indexrelid") INNER JOIN "pg_attribute" AS "att" ON (("att"."attrelid" = "tab"."oid") AND ("att"."attnum" = ANY("ind"."indkey"))) LEFT JOIN "pg_constraint" AS "con" ON ("con"."conname" = "indc"."relname") WHERE (("indc"."relkind" = 'i') AND ("ind"."indisprimary" IS FALSE) AND ("indexprs" IS NULL) AND ("indisvalid" IS TRUE) AND ("indisready" IS TRUE) AND ("indislive" IS TRUE) AND ("tab"."oid" = CAST(CAST('"shortened_urls"' AS regclass) AS oid)) AND ("indpred" IS NULL)) ORDER BY "indc"."relname", array_position("ind"."indkey", "att"."attnum")[0m  
  [1m[35mROM[postgres] (5.5ms)[0m  SELECT "co"."conname" AS "name", "att"."attname" AS "column", "co"."confupdtype" AS "on_update", "co"."confdeltype" AS "on_delete", "cl2"."relname" AS "table", "att2"."attname" AS "refcolumn", ("co"."condeferrable" AND "co"."condeferred") AS "deferrable", "nsp"."nspname" AS "schema" FROM "pg_constraint" AS "co" INNER JOIN "pg_class" AS "cl" ON ("cl"."oid" = "co"."conrelid") INNER JOIN "pg_attribute" AS "att" ON (("att"."attrelid" = "cl"."oid") AND ("att"."attnum" = ANY("co"."conkey"))) INNER JOIN "pg_class" AS "cl2" ON ("cl2"."oid" = "co"."confrelid") INNER JOIN "pg_attribute" AS "att2" ON (("att2"."attrelid" = "cl2"."oid") AND ("att2"."attnum" = ANY("co"."confkey"))) INNER JOIN "pg_namespace" AS "nsp" ON ("nsp"."oid" = "cl2"."relnamespace") WHERE (("cl"."relkind" IN ('r', 'p')) AND ("co"."contype" = 'f') AND (array_position("co"."conkey", "att"."attnum") = array_position("co"."confkey", "att2"."attnum")) AND ("cl"."oid" = CAST(CAST('"shortened_urls"' AS regclass) AS oid))) ORDER BY "co"."conname", array_position("co"."conkey", "att"."attnum")  
  [1m[36mROM[postgres] (1.7ms)[0m  [1mSELECT NULL AS "nil" FROM "shortened_urls" LIMIT 1[0m  
  [1m[35mROM[postgres] (1.7ms)[0m  SELECT "shortened_urls"."shortened_url", "shortened_urls"."url", "shortened_urls"."created_at" FROM "shortened_urls" ORDER BY "shortened_urls"."created_at" DESC LIMIT 1  
  [1m[36mROM[postgres] (1.6ms)[0m  [1mSET standard_conforming_strings = ON[0m  
  [1m[35mROM[postgres] (1.5ms)[0m  SET client_min_messages = 'WARNING'  
  [1m[36mROM[postgres] (1.6ms)[0m  [1mSET DateStyle = 'ISO'[0m  
  [1m[35mROM[postgres] (1.7ms)[0m  SELECT CAST(current_setting('server_version_num') AS integer) AS v  
  [1m[36mROM[postgres] (2.0ms)[0m  [1mSELECT CAST("enumtypid" AS integer) AS "v", "enumlabel" FROM "pg_enum" ORDER BY "enumtypid", "enumsortorder"[0m  
  [1m[35mROM[postgres] (2.1ms)[0m  SELECT "typname", CAST("typarray" AS integer) AS "v" FROM "pg_type" WHERE ((1 = 0) AND ("typarray" != 0))  
  [1m[36mROM[postgres] (5.8ms)[0m  [1mSELECT "pg_attribute"."attname" AS "name", CAST("pg_attribute"."atttypid" AS integer) AS "oid", CAST("basetype"."oid" AS integer) AS "base_oid", format_type("basetype"."oid", "pg_type"."typtypmod") AS "db_base_type", format_type("pg_type"."oid", "pg_attribute"."atttypmod") AS "db_type", pg_get_expr("pg_attrdef"."adbin", "pg_class"."oid") AS "default", NOT "pg_attribute"."attnotnull" AS "allow_null", COALESCE(("pg_attribute"."attnum" = ANY("pg_index"."indkey")), false) AS "primary_key", "pg_attribute"."attidentity", ("pg_attribute"."attgenerated" != '') AS "generated" FROM "pg_class" INNER JOIN "pg_attribute" ON ("pg_attribute"."attrelid" = "pg_class"."oid") INNER JOIN "pg_type" ON ("pg_type"."oid" = "pg_attribute"."atttypid") LEFT OUTER JOIN "pg_type" AS "basetype" ON ("basetype"."oid" = "pg_type"."typbasetype") LEFT OUTER JOIN "pg_attrdef" ON (("pg_attrdef"."adrelid" = "pg_class"."oid") AND ("pg_attrdef"."adnum" = "pg_attribute"."attnum")) LEFT OUTER JOIN "pg_index" ON (("pg_index"."indrelid" = "pg_class"."oid") AND ("pg_index"."indisprimary" IS TRUE)) WHERE (("pg_attribute"."attisdropped" IS FALSE) AND ("pg_attribute"."attnum" > 0) AND ("pg_class"."oid" = CAST(CAST('"shortened_urls"' AS regclass) AS oid))) ORDER BY "pg_attribute"."attnum"[0m  
  [1m[35mROM[postgres] (3.4ms)[0m  SELECT "indc"."relname" AS "name", "ind"."indisunique" AS "unique", "att"."attname" AS "column", "con"."condeferrable" AS "deferrable" FROM "pg_class" AS "tab" INNER JOIN "pg_index" AS "ind" ON ("ind"."indrelid" = "tab"."oid") INNER JOIN "pg_class" AS "indc" ON ("indc"."oid" = "ind"."indexrelid") INNER JOIN "pg_attribute" AS "att" ON (("att"."attrelid" = "tab"."oid") AND ("att"."attnum" = ANY("ind"."indkey"))) LEFT JOIN "pg_constraint" AS "con" ON ("con"."conname" = "indc"."relname") WHERE (("indc"."relkind" = 'i') AND ("ind"."indisprimary" IS FALSE) AND ("indexprs" IS NULL) AND ("indisvalid" IS TRUE) AND ("indisready" IS TRUE) AND ("indislive" IS TRUE) AND ("tab"."oid" = CAST(CAST('"shortened_urls"' AS regclass) AS oid)) AND ("indpred" IS NULL)) ORDER BY "indc"."relname", array_position("ind"."indkey", "att"."attnum")  
  [1m[36mROM[postgres] (2.7ms)[0m  [1mSELECT "co"."conname" AS "name", "att"."attname" AS "column", "co"."confupdtype" AS "on_update", "co"."confdeltype" AS "on_delete", "cl2"."relname" AS "table", "att2"."attname" AS "refcolumn", ("co"."condeferrable" AND "co"."condeferred") AS "deferrable", "nsp"."nspname" AS "schema" FROM "pg_constraint" AS "co" INNER JOIN "pg_class" AS "cl" ON ("cl"."oid" = "co"."conrelid") INNER JOIN "pg_attribute" AS "att" ON (("att"."attrelid" = "cl"."oid") AND ("att"."attnum" = ANY("co"."conkey"))) INNER JOIN "pg_class" AS "cl2" ON ("cl2"."oid" = "co"."confrelid") INNER JOIN "pg_attribute" AS "att2" ON (("att2"."attrelid" = "cl2"."oid") AND ("att2"."attnum" = ANY("co"."confkey"))) INNER JOIN "pg_namespace" AS "nsp" ON ("nsp"."oid" = "cl2"."relnamespace") WHERE (("cl"."relkind" IN ('r', 'p')) AND ("co"."contype" = 'f') AND (array_position("co"."conkey", "att"."attnum") = array_position("co"."confkey", "att2"."attnum")) AND ("cl"."oid" = CAST(CAST('"shortened_urls"' AS regclass) AS oid))) ORDER BY "co"."conname", array_position("co"."conkey", "att"."attnum")[0m  
  [1m[35mROM[postgres] (1.2ms)[0m  SELECT NULL AS "nil" FROM "shortened_urls" LIMIT 1  
  [1m[36mROM[postgres] (1.5ms)[0m  [1mSELECT "shortened_urls"."shortened_url", "shortened_urls"."url", "shortened_urls"."created_at" FROM "shortened_urls" WHERE ("url" = 'https://www.linkedin.com/in/orbanbotond/') ORDER BY "shortened_urls"."shortened_url"[0m  
  Rendering layout layouts/application.html.slim
  Rendering short_urls/create.html.slim within layouts/application
  Rendered short_urls/create.html.slim within layouts/application (Duration: 3.8ms | Allocations: 1983)
  Rendered layout layouts/application.html.slim (Duration: 8.2ms | Allocations: 6659)
Completed 200 OK in 189ms (Views: 10.3ms | Allocations: 23295)


Started GET "/" for ::1 at 2022-11-23 12:55:22 +0200
Processing by ShortUrlsController#index as HTML
  Rendering layout layouts/application.html.slim
  Rendering short_urls/index.html.slim within layouts/application
  Rendered short_urls/index.html.slim within layouts/application (Duration: 4.4ms | Allocations: 3873)
  Rendered layout layouts/application.html.slim (Duration: 5.9ms | Allocations: 4855)
Completed 200 OK in 14ms (Views: 10.8ms | Allocations: 5155)


